$ python forcaBruta.py
Dictionary length: 28191 loaded from cache...OK
File: ...ts/1.input.ceasar.17	| Most likely key: 17              0.16%      | time:     0.062s
File: ...uts/1.input.ceasar.5	| Most likely key: 5               0.16%      | time:     0.058s
File: ...uts/1.input.ceasar.X	| Most likely key: 43              0.16%      | time:     0.057s
File: ...ts/1.input.transp.13	| Most likely key: 13              11.348%    | time:    17.469s
File: ...uts/1.input.transp.5	| Most likely key: 5               11.348%    | time:    17.165s
File: ...uts/1.input.transp.X	| Most likely key: 19              11.348%    | time:    17.067s
File: ...uts/1.input.vig.1234	| Most likely key: 1234            0.16%      | time:     0.248s
File: ...s/1.input.vig.123456	| Most likely key: 123456          0.16%      | time:     0.247s
File: ...utputs/1.input.vig.X	| Most likely key: 456             0.16%      | time:      0.25s
File: ...utputs/1.input.vig.Y	| Most likely key: greenhouse      0.16%      | time:     0.242s
File: ...uts/1.input.vig.abcd	| Most likely key: abcd            0.16%      | time:      0.24s
File: ...input.vig.abcd123456	| Most likely key: abcd123456      0.16%      | time:     0.242s
File: ...ts/1.input.vig.house	| Most likely key: house           0.16%      | time:      0.24s
File: ...nput.vig.yellowhouse	| Most likely key: yellowhouse     0.16%      | time:     0.254s
File: ...ts/2.input.ceasar.17	| Most likely key: 17              0.177%     | time:     0.059s
File: ...uts/2.input.ceasar.5	| Most likely key: 5               0.177%     | time:     0.058s
File: ...uts/2.input.ceasar.X	| Most likely key: 43              0.177%     | time:     0.059s
File: ...ts/2.input.transp.13	| Most likely key: 13              24.114%    | time:    53.201s
File: ...uts/2.input.transp.5	| Most likely key: 5               24.114%    | time:    53.729s
File: ...uts/2.input.transp.X	| Most likely key: 19              24.114%    | time:    53.431s
File: ...uts/2.input.vig.1234	| Most likely key: 1234            0.177%     | time:     0.256s
File: ...s/2.input.vig.123456	| Most likely key: 123456          0.177%     | time:     0.251s
File: ...utputs/2.input.vig.X	| Most likely key: 456             0.177%     | time:     0.246s
File: ...utputs/2.input.vig.Y	| Most likely key: greenhouse      0.177%     | time:     0.243s
File: ...uts/2.input.vig.abcd	| Most likely key: abcd            0.177%     | time:      0.24s
File: ...input.vig.abcd123456	| Most likely key: abcd123456      0.177%     | time:     0.246s
File: ...ts/2.input.vig.house	| Most likely key: house           0.177%     | time:     0.241s
File: ...nput.vig.yellowhouse	| Most likely key: yellowhouse     0.177%     | time:      0.24s
File: ...ts/3.input.ceasar.17	| Most likely key: 17              0.202%     | time:     0.058s
File: ...uts/3.input.ceasar.5	| Most likely key: 5               0.202%     | time:     0.057s
File: ...uts/3.input.ceasar.X	| Most likely key: 43              0.202%     | time:     0.068s
File: ...ts/3.input.transp.13	| Most likely key: 13              48.225%    | time:   132.566s
File: ...uts/3.input.transp.5	| Most likely key: 5               48.225%    | time:   132.402s
File: ...uts/3.input.transp.X	| Most likely key: 19              48.225%    | time:   139.168s
File: ...uts/3.input.vig.1234	| Most likely key: 1234            0.202%     | time:     0.262s
File: ...s/3.input.vig.123456	| Most likely key: 123456          0.202%     | time:     0.252s
File: ...utputs/3.input.vig.X	| Most likely key: 456             0.202%     | time:     0.247s
File: ...utputs/3.input.vig.Y	| Most likely key: greenhouse      0.202%     | time:     0.246s
File: ...uts/3.input.vig.abcd	| Most likely key: abcd            0.202%     | time:     0.246s
File: ...input.vig.abcd123456	| Most likely key: abcd123456      0.202%     | time:     0.244s
File: ...ts/3.input.vig.house	| Most likely key: house           0.202%     | time:     0.252s
File: ...nput.vig.yellowhouse	| Most likely key: yellowhouse     0.202%     | time:     0.239s
File: ...ts/4.input.ceasar.17	| Most likely key: 17              0.195%     | time:     0.056s
File: ...uts/4.input.ceasar.5	| Most likely key: 5               0.195%     | time:     0.057s
File: ...uts/4.input.ceasar.X	| Most likely key: 43              0.195%     | time:     0.056s
File: ...ts/4.input.transp.13	| Most likely key: 13              44.915%    | time:   109.942s
File: ...uts/4.input.transp.5	| Most likely key: 5               44.915%    | time:   109.267s
File: ...uts/4.input.transp.X	| Most likely key: 19              44.915%    | time:   108.992s
File: ...uts/4.input.vig.1234	| Most likely key: 1234            0.195%     | time:     0.257s
File: ...s/4.input.vig.123456	| Most likely key: 123456          0.195%     | time:     0.249s
File: ...utputs/4.input.vig.X	| Most likely key: 456             0.195%     | time:     0.249s
File: ...utputs/4.input.vig.Y	| Most likely key: greenhouse      0.195%     | time:     0.241s
File: ...uts/4.input.vig.abcd	| Most likely key: abcd            0.195%     | time:     0.241s
File: ...input.vig.abcd123456	| Most likely key: abcd123456      0.195%     | time:     0.247s
File: ...ts/4.input.vig.house	| Most likely key: house           0.195%     | time:      0.24s
File: ...nput.vig.yellowhouse	| Most likely key: yellowhouse     0.195%     | time:      0.24s
File: ...ts/5.input.ceasar.17	| Most likely key: 17              0.202%     | time:     0.056s
File: ...uts/5.input.ceasar.5	| Most likely key: 5               0.202%     | time:     0.056s
File: ...uts/5.input.ceasar.X	| Most likely key: 43              0.202%     | time:     0.057s
File: ...ts/5.input.transp.13	| Most likely key: 13              36.231%    | time:    94.749s
File: ...uts/5.input.transp.5	| Most likely key: 5               36.231%    | time:    93.649s
File: ...uts/5.input.transp.X	| Most likely key: 19              36.231%    | time:    95.012s
File: ...uts/5.input.vig.1234	| Most likely key: 1234            0.202%     | time:      0.26s
File: ...s/5.input.vig.123456	| Most likely key: 123456          0.202%     | time:     0.252s
File: ...utputs/5.input.vig.X	| Most likely key: 456             0.202%     | time:     0.255s
File: ...utputs/5.input.vig.Y	| Most likely key: greenhouse      0.202%     | time:      0.25s
File: ...uts/5.input.vig.abcd	| Most likely key: abcd            0.202%     | time:      0.24s
File: ...input.vig.abcd123456	| Most likely key: abcd123456      0.202%     | time:     0.241s
File: ...ts/5.input.vig.house	| Most likely key: house           0.202%     | time:     0.242s
File: ...nput.vig.yellowhouse	| Most likely key: yellowhouse     0.202%     | time:     0.241s
File: ...ts/6.input.ceasar.17	| Most likely key: 17              0.149%     | time:     0.057s
File: ...uts/6.input.ceasar.5	| Most likely key: 5               0.149%     | time:     0.056s
File: ...uts/6.input.ceasar.X	| Most likely key: 43              0.149%     | time:     0.058s
File: ...ts/6.input.transp.13	| Most likely key: 13              0.174%     | time:     0.185s
File: ...uts/6.input.transp.5	| Most likely key: 5               0.174%     | time:     0.186s
File: ...uts/6.input.transp.X	| Most likely key: 19              0.174%     | time:     0.188s
File: ...uts/6.input.vig.1234	| Most likely key: 1234            0.149%     | time:     0.249s
File: ...s/6.input.vig.123456	| Most likely key: 123456          0.149%     | time:     0.247s
File: ...utputs/6.input.vig.X	| Most likely key: 456             0.149%     | time:     0.247s
File: ...utputs/6.input.vig.Y	| Most likely key: greenhouse      0.149%     | time:     0.244s
File: ...uts/6.input.vig.abcd	| Most likely key: abcd            0.149%     | time:     0.241s
File: ...input.vig.abcd123456	| Most likely key: abcd123456      0.149%     | time:     0.245s
File: ...ts/6.input.vig.house	| Most likely key: house           0.149%     | time:     0.239s
File: ...nput.vig.yellowhouse	| Most likely key: yellowhouse     0.149%     | time:     0.244s
File: ...ts/7.input.ceasar.17	| Most likely key: 17              0.124%     | time:     0.059s
File: ...uts/7.input.ceasar.5	| Most likely key: 5               0.124%     | time:     0.056s
File: ...uts/7.input.ceasar.X	| Most likely key: 43              0.124%     | time:     0.061s
File: ...ts/7.input.transp.13	| Most likely key: 13              0.124%     | time:     0.144s
File: ...uts/7.input.transp.5	| Most likely key: 5               0.124%     | time:     0.145s
File: ...uts/7.input.transp.X	| Most likely key: 19              0.124%     | time:     0.145s
File: ...uts/7.input.vig.1234	| Most likely key: 1234            0.124%     | time:     0.249s
File: ...s/7.input.vig.123456	| Most likely key: 123456          0.124%     | time:     0.249s
File: ...utputs/7.input.vig.X	| Most likely key: 456             0.124%     | time:     0.251s
File: ...utputs/7.input.vig.Y	| Most likely key: greenhouse      0.124%     | time:     0.236s
File: ...uts/7.input.vig.abcd	| Most likely key: abcd            0.124%     | time:     0.236s
File: ...input.vig.abcd123456	| Most likely key: abcd123456      0.124%     | time:     0.247s
File: ...ts/7.input.vig.house	| Most likely key: house           0.124%     | time:     0.241s
File: ...nput.vig.yellowhouse	| Most likely key: yellowhouse     0.124%     | time:     0.238s
